<?xml version="1.0" encoding="UTF-8"?>
<testsuite name="org.example.PersonTest" tests="1" skipped="0" failures="0" errors="0" timestamp="2023-06-17T12:17:29" hostname="IBM" time="0.03">
  <properties/>
  <testcase name="testShallowCopy()" classname="org.example.PersonTest" time="0.03"/>
  <system-out><![CDATA[]]></system-out>
  <system-err><![CDATA[]]></system-err>
</testsuite>
